Arguments: 
  /home/gitpod/.nvm/versions/node/v14.16.1/bin/node /home/gitpod/.nvm/versions/node/v14.16.1/bin/yarn init

PATH: 
  /home/gitpod/.nvm/versions/node/v14.16.1/bin:/home/gitpod/.pyenv/plugins/pyenv-virtualenv/shims:/home/gitpod/.pyenv/shims:/workspace/.cargo/bin:/workspace/.pip-modules/bin:/workspace/.rvm/bin:/home/gitpod/.sdkman/candidates/maven/current/bin:/home/gitpod/.sdkman/candidates/java/current/bin:/home/gitpod/.sdkman/candidates/gradle/current/bin:/home/gitpod/.rvm/gems/ruby-2.6.6/bin:/home/gitpod/.rvm/gems/ruby-2.6.6@global/bin:/home/gitpod/.rvm/rubies/ruby-2.6.6/bin:/home/gitpod/.pyenv/plugins/pyenv-virtualenv/shims:/home/gitpod/.pyenv/shims:/workspace/.cargo/bin:/workspace/.pip-modules/bin:/workspace/.rvm/bin:/ide/bin:/home/gitpod/.pyenv/bin:/home/gitpod/.pyenv/shims:/workspace/go/bin:/home/gitpod/go/bin:/home/gitpod/go-packages/bin:/usr/local/sbin:/usr/local/bin:/usr/sbin:/usr/bin:/sbin:/bin:/home/linuxbrew/.linuxbrew/bin:/home/linuxbrew/.linuxbrew/sbin/:/home/gitpod/.nvm/versions/node/v14.16.1/bin:/home/gitpod/.cargo/bin:/home/gitpod/.rvm/bin

Yarn version: 
  1.22.10

Node version: 
  14.16.1

Platform: 
  linux x64

Trace: 
  SyntaxError: /workspace/webpack-config-simply-romaindupont/package.json: Unexpected end of JSON input
      at JSON.parse (<anonymous>)
      at /home/gitpod/.nvm/versions/node/v14.16.1/lib/node_modules/yarn/lib/cli.js:1625:59
      at Generator.next (<anonymous>)
      at step (/home/gitpod/.nvm/versions/node/v14.16.1/lib/node_modules/yarn/lib/cli.js:310:30)
      at /home/gitpod/.nvm/versions/node/v14.16.1/lib/node_modules/yarn/lib/cli.js:321:13

npm manifest: 
  

yarn manifest: 
  No manifest

Lockfile: 
  No lockfile
